Using pre-set license
Built from '2021.1/staging' branch; Version is '2021.1.7f1 (d91830b65d9b) revision 14227504'; Using compiler version '192528614'; Build Type 'Release'
OS: 'Windows 10 Pro; OS build 19043.1466; Version 2009; 64bit' Language: 'en' Physical Memory: 7568 MB
BatchMode: 1, IsHumanControllingUs: 0, StartBugReporterOnCrash: 0, Is64bit: 1, IsPro: 0

 COMMAND LINE ARGUMENTS:
D:\Unity\Hub\Editor\2021.1.7f1\Editor\Unity.exe
-adb2
-batchMode
-noUpm
-name
AssetImportWorker6
-projectPath
D:/Game Development/Blog/Blog FirstPersonShooter
-logFile
Logs/AssetImportWorker6.log
-srvPort
63276
Successfully changed project path to: D:/Game Development/Blog/Blog FirstPersonShooter
D:/Game Development/Blog/Blog FirstPersonShooter
Using Asset Import Pipeline V2.
Refreshing native plugins compatible for Editor in 188.04 ms, found 3 plugins.
Preloading 0 native plugins for Editor in 0.00 ms.
Initialize engine version: 2021.1.7f1 (d91830b65d9b)
[Subsystems] Discovering subsystems at path D:/Unity/Hub/Editor/2021.1.7f1/Editor/Data/Resources/UnitySubsystems
[Subsystems] Discovering subsystems at path D:/Game Development/Blog/Blog FirstPersonShooter/Assets
GfxDevice: creating device client; threaded=0; jobified=0
Direct3D:
    Version:  Direct3D 11.0 [level 11.1]
    Renderer: AMD Radeon(TM) Graphics (ID=0x1636)
    Vendor:   ATI
    VRAM:     3784 MB
    Driver:   30.0.13023.1012
Shader 'Universal Render Pipeline/Particles/Lit': fallback shader 'Universal Render Pipeline/Particles/SimpleLit' not found
Initialize mono
Mono path[0] = 'D:/Unity/Hub/Editor/2021.1.7f1/Editor/Data/Managed'
Mono path[1] = 'D:/Unity/Hub/Editor/2021.1.7f1/Editor/Data/MonoBleedingEdge/lib/mono/unityjit'
Mono config path = 'D:/Unity/Hub/Editor/2021.1.7f1/Editor/Data/MonoBleedingEdge/etc'
Using monoOptions --debugger-agent=transport=dt_socket,embedding=1,server=y,suspend=n,address=127.0.0.1:56252
Begin MonoManager ReloadAssembly
Registering precompiled unity dll's ...
Register platform support module: D:/Unity/Hub/Editor/2021.1.7f1/Editor/Data/PlaybackEngines/WebGLSupport/UnityEditor.WebGL.Extensions.dll
Register platform support module: D:/Unity/Hub/Editor/2021.1.7f1/Editor/Data/PlaybackEngines/MacStandaloneSupport/UnityEditor.OSXStandalone.Extensions.dll
Register platform support module: D:/Unity/Hub/Editor/2021.1.7f1/Editor/Data/PlaybackEngines/WindowsStandaloneSupport/UnityEditor.WindowsStandalone.Extensions.dll
Registered in 0.002008 seconds.
Native extension for WindowsStandalone target not found
Native extension for OSXStandalone target not found
Native extension for WebGL target not found
Refreshing native plugins compatible for Editor in 152.43 ms, found 3 plugins.
Preloading 0 native plugins for Editor in 0.00 ms.
Mono: successfully reloaded assembly
- Completed reload, in  2.341 seconds
Platform modules already initialized, skipping
Registering precompiled user dll's ...
Registered in 0.007547 seconds.
Begin MonoManager ReloadAssembly
Symbol file LoadedFromMemory doesn't match image D:\Game Development\Blog\Blog FirstPersonShooter\Library\PackageCache\com.unity.visualscripting@1.6.1\Editor\VisualScripting.Core\Dependencies\YamlDotNet\Unity.VisualScripting.YamlDotNet.dll
Symbol file LoadedFromMemory doesn't match image D:\Game Development\Blog\Blog FirstPersonShooter\Library\PackageCache\com.unity.visualscripting@1.6.1\Editor\VisualScripting.Core\Dependencies\DotNetZip\Unity.VisualScripting.IonicZip.dll
Native extension for WindowsStandalone target not found
Native extension for OSXStandalone target not found
Native extension for WebGL target not found
Refreshing native plugins compatible for Editor in 197.91 ms, found 3 plugins.
Preloading 0 native plugins for Editor in 0.00 ms.
Mono: successfully reloaded assembly
- Completed reload, in  3.780 seconds
Platform modules already initialized, skipping
========================================================================
Worker process is ready to serve import requests
Shader 'Universal Render Pipeline/Particles/Lit': fallback shader 'Universal Render Pipeline/Particles/SimpleLit' not found
Launched and connected shader compiler UnityShaderCompiler.exe after 0.29 seconds
Refreshing native plugins compatible for Editor in 2.77 ms, found 3 plugins.
Preloading 0 native plugins for Editor in 0.00 ms.
Unloading 4911 Unused Serialized files (Serialized files now loaded: 0)
System memory in use before: 269.5 MB.
System memory in use after: 269.7 MB.

Unloading 29 unused Assets to reduce memory usage. Loaded Objects now: 5378.
Total: 93.775400 ms (FindLiveObjects: 0.656200 ms CreateObjectMapping: 0.126800 ms MarkObjects: 83.495400 ms  DeleteObjects: 9.493800 ms)

========================================================================
Received Import Request.
  path: Assets/Scripts/Weapon/WeaponSwitcher.cs
  artifactKey: Guid(cc9eff2978d1b0d479c1711dd2b25faf) Importer(815301076,1909f56bfc062723c751e8b465ee728b)
Start importing Assets/Scripts/Weapon/WeaponSwitcher.cs using Guid(cc9eff2978d1b0d479c1711dd2b25faf) Importer(815301076,1909f56bfc062723c751e8b465ee728b)  -> (artifact id: 'a42ed1a6b766978764b1cf0c0f5575b8') in 0.472097 seconds 
========================================================================
Received Import Request.
  Time since last request: 0.000964 seconds.
  path: Assets/Scripts/Weapon/Weapon.cs
  artifactKey: Guid(b940ba0f0aa1ab0479bdba9533c0b959) Importer(815301076,1909f56bfc062723c751e8b465ee728b)
Start importing Assets/Scripts/Weapon/Weapon.cs using Guid(b940ba0f0aa1ab0479bdba9533c0b959) Importer(815301076,1909f56bfc062723c751e8b465ee728b)  -> (artifact id: '77edfa25a3cec9603611a8d3fca283a1') in 0.203957 seconds 
========================================================================
Received Import Request.
  Time since last request: 0.000450 seconds.
  path: Assets/Scripts/Weapon/AmmoType.cs
  artifactKey: Guid(791bd805b30826645aae105369ab5d2d) Importer(815301076,1909f56bfc062723c751e8b465ee728b)
Start importing Assets/Scripts/Weapon/AmmoType.cs using Guid(791bd805b30826645aae105369ab5d2d) Importer(815301076,1909f56bfc062723c751e8b465ee728b)  -> (artifact id: '707c27dfb359ef0303b2779e9c6b7c63') in 0.062864 seconds 
========================================================================
Received Import Request.
  Time since last request: 0.000312 seconds.
  path: Assets/Scripts/Weapon/WeaponZoom.cs
  artifactKey: Guid(0d8305ff8ad9a15419e851c2c6f818ad) Importer(815301076,1909f56bfc062723c751e8b465ee728b)
Start importing Assets/Scripts/Weapon/WeaponZoom.cs using Guid(0d8305ff8ad9a15419e851c2c6f818ad) Importer(815301076,1909f56bfc062723c751e8b465ee728b)  -> (artifact id: '4cbf850df1a8a33120a7a072596dae85') in 0.040613 seconds 
========================================================================
Received Import Request.
  Time since last request: 0.000525 seconds.
  path: Assets/Scripts/Weapon/Ammo.cs
  artifactKey: Guid(acecbdec694efa340b45243961566dab) Importer(815301076,1909f56bfc062723c751e8b465ee728b)
Start importing Assets/Scripts/Weapon/Ammo.cs using Guid(acecbdec694efa340b45243961566dab) Importer(815301076,1909f56bfc062723c751e8b465ee728b)  -> (artifact id: '1d96dd5dc39a7fda0d25afcfafd3f369') in 0.027682 seconds 
========================================================================
Received Prepare
Registering precompiled user dll's ...
Registered in 0.151353 seconds.
Begin MonoManager ReloadAssembly
Symbol file LoadedFromMemory doesn't match image D:\Game Development\Blog\Blog FirstPersonShooter\Library\PackageCache\com.unity.visualscripting@1.6.1\Editor\VisualScripting.Core\Dependencies\YamlDotNet\Unity.VisualScripting.YamlDotNet.dll
Symbol file LoadedFromMemory doesn't match image D:\Game Development\Blog\Blog FirstPersonShooter\Library\PackageCache\com.unity.visualscripting@1.6.1\Editor\VisualScripting.Core\Dependencies\DotNetZip\Unity.VisualScripting.IonicZip.dll
Native extension for WindowsStandalone target not found
Native extension for OSXStandalone target not found
Native extension for WebGL target not found
Refreshing native plugins compatible for Editor in 1.19 ms, found 3 plugins.
Preloading 0 native plugins for Editor in 0.00 ms.
Mono: successfully reloaded assembly
- Completed reload, in  2.044 seconds
Platform modules already initialized, skipping
Shader 'Universal Render Pipeline/Particles/Lit': fallback shader 'Universal Render Pipeline/Particles/SimpleLit' not found
Refreshing native plugins compatible for Editor in 1.24 ms, found 3 plugins.
Preloading 0 native plugins for Editor in 0.00 ms.
Unloading 4760 Unused Serialized files (Serialized files now loaded: 0)
System memory in use before: 258.5 MB.
System memory in use after: 258.8 MB.

Unloading 18 unused Assets to reduce memory usage. Loaded Objects now: 5380.
Total: 164.089300 ms (FindLiveObjects: 16.584600 ms CreateObjectMapping: 0.795200 ms MarkObjects: 146.615400 ms  DeleteObjects: 0.084500 ms)

========================================================================
Received Prepare
Registering precompiled user dll's ...
Registered in 0.132908 seconds.
Begin MonoManager ReloadAssembly
Symbol file LoadedFromMemory doesn't match image D:\Game Development\Blog\Blog FirstPersonShooter\Library\PackageCache\com.unity.visualscripting@1.6.1\Editor\VisualScripting.Core\Dependencies\YamlDotNet\Unity.VisualScripting.YamlDotNet.dll
Symbol file LoadedFromMemory doesn't match image D:\Game Development\Blog\Blog FirstPersonShooter\Library\PackageCache\com.unity.visualscripting@1.6.1\Editor\VisualScripting.Core\Dependencies\DotNetZip\Unity.VisualScripting.IonicZip.dll
Native extension for WindowsStandalone target not found
Native extension for OSXStandalone target not found
Native extension for WebGL target not found
Refreshing native plugins compatible for Editor in 1.34 ms, found 3 plugins.
Preloading 0 native plugins for Editor in 0.00 ms.
Mono: successfully reloaded assembly
- Completed reload, in  2.626 seconds
Platform modules already initialized, skipping
Shader 'Universal Render Pipeline/Particles/Lit': fallback shader 'Universal Render Pipeline/Particles/SimpleLit' not found
Refreshing native plugins compatible for Editor in 1.31 ms, found 3 plugins.
Preloading 0 native plugins for Editor in 0.00 ms.
Unloading 4760 Unused Serialized files (Serialized files now loaded: 0)
System memory in use before: 258.6 MB.
System memory in use after: 258.9 MB.

Unloading 18 unused Assets to reduce memory usage. Loaded Objects now: 5382.
Total: 140.959900 ms (FindLiveObjects: 18.507000 ms CreateObjectMapping: 1.094100 ms MarkObjects: 121.258500 ms  DeleteObjects: 0.094600 ms)

========================================================================
Received Prepare
Registering precompiled user dll's ...
Registered in 0.321335 seconds.
Begin MonoManager ReloadAssembly
Symbol file LoadedFromMemory doesn't match image D:\Game Development\Blog\Blog FirstPersonShooter\Library\PackageCache\com.unity.visualscripting@1.6.1\Editor\VisualScripting.Core\Dependencies\YamlDotNet\Unity.VisualScripting.YamlDotNet.dll
Symbol file LoadedFromMemory doesn't match image D:\Game Development\Blog\Blog FirstPersonShooter\Library\PackageCache\com.unity.visualscripting@1.6.1\Editor\VisualScripting.Core\Dependencies\DotNetZip\Unity.VisualScripting.IonicZip.dll
Native extension for WindowsStandalone target not found
Native extension for OSXStandalone target not found
Native extension for WebGL target not found
Refreshing native plugins compatible for Editor in 2.22 ms, found 3 plugins.
Preloading 0 native plugins for Editor in 0.00 ms.
Mono: successfully reloaded assembly
- Completed reload, in  3.921 seconds
Platform modules already initialized, skipping
Shader 'Universal Render Pipeline/Particles/Lit': fallback shader 'Universal Render Pipeline/Particles/SimpleLit' not found
Refreshing native plugins compatible for Editor in 1.25 ms, found 3 plugins.
Preloading 0 native plugins for Editor in 0.00 ms.
Unloading 4760 Unused Serialized files (Serialized files now loaded: 0)
System memory in use before: 258.7 MB.
System memory in use after: 258.9 MB.

Unloading 18 unused Assets to reduce memory usage. Loaded Objects now: 5384.
Total: 4.124800 ms (FindLiveObjects: 0.444600 ms CreateObjectMapping: 0.122000 ms MarkObjects: 3.530200 ms  DeleteObjects: 0.026300 ms)

========================================================================
Received Prepare
Registering precompiled user dll's ...
Registered in 0.026164 seconds.
Begin MonoManager ReloadAssembly
Symbol file LoadedFromMemory doesn't match image D:\Game Development\Blog\Blog FirstPersonShooter\Library\PackageCache\com.unity.visualscripting@1.6.1\Editor\VisualScripting.Core\Dependencies\YamlDotNet\Unity.VisualScripting.YamlDotNet.dll
Symbol file LoadedFromMemory doesn't match image D:\Game Development\Blog\Blog FirstPersonShooter\Library\PackageCache\com.unity.visualscripting@1.6.1\Editor\VisualScripting.Core\Dependencies\DotNetZip\Unity.VisualScripting.IonicZip.dll
Native extension for WindowsStandalone target not found
Native extension for OSXStandalone target not found
Native extension for WebGL target not found
Refreshing native plugins compatible for Editor in 1.92 ms, found 3 plugins.
Preloading 0 native plugins for Editor in 0.00 ms.
Mono: successfully reloaded assembly
- Completed reload, in  1.422 seconds
Platform modules already initialized, skipping
Shader 'Universal Render Pipeline/Particles/Lit': fallback shader 'Universal Render Pipeline/Particles/SimpleLit' not found
Refreshing native plugins compatible for Editor in 1.15 ms, found 3 plugins.
Preloading 0 native plugins for Editor in 0.00 ms.
Unloading 4760 Unused Serialized files (Serialized files now loaded: 0)
System memory in use before: 258.7 MB.
System memory in use after: 259.0 MB.

Unloading 18 unused Assets to reduce memory usage. Loaded Objects now: 5386.
Total: 4.331500 ms (FindLiveObjects: 0.450200 ms CreateObjectMapping: 0.122300 ms MarkObjects: 3.727700 ms  DeleteObjects: 0.029400 ms)

========================================================================
Received Prepare
Registering precompiled user dll's ...
Registered in 0.269468 seconds.
Begin MonoManager ReloadAssembly
Symbol file LoadedFromMemory doesn't match image D:\Game Development\Blog\Blog FirstPersonShooter\Library\PackageCache\com.unity.visualscripting@1.6.1\Editor\VisualScripting.Core\Dependencies\YamlDotNet\Unity.VisualScripting.YamlDotNet.dll
Symbol file LoadedFromMemory doesn't match image D:\Game Development\Blog\Blog FirstPersonShooter\Library\PackageCache\com.unity.visualscripting@1.6.1\Editor\VisualScripting.Core\Dependencies\DotNetZip\Unity.VisualScripting.IonicZip.dll
Native extension for WindowsStandalone target not found
Native extension for OSXStandalone target not found
Native extension for WebGL target not found
Refreshing native plugins compatible for Editor in 1.19 ms, found 3 plugins.
Preloading 0 native plugins for Editor in 0.00 ms.
Mono: successfully reloaded assembly
- Completed reload, in  1.540 seconds
Platform modules already initialized, skipping
Shader 'Universal Render Pipeline/Particles/Lit': fallback shader 'Universal Render Pipeline/Particles/SimpleLit' not found
Refreshing native plugins compatible for Editor in 1.96 ms, found 3 plugins.
Preloading 0 native plugins for Editor in 0.00 ms.
Unloading 4760 Unused Serialized files (Serialized files now loaded: 0)
System memory in use before: 258.5 MB.
System memory in use after: 258.8 MB.

Unloading 18 unused Assets to reduce memory usage. Loaded Objects now: 5388.
Total: 8.867100 ms (FindLiveObjects: 1.148300 ms CreateObjectMapping: 0.522900 ms MarkObjects: 7.091800 ms  DeleteObjects: 0.098700 ms)

========================================================================
Received Prepare
Registering precompiled user dll's ...
Registered in 0.007400 seconds.
Begin MonoManager ReloadAssembly
Symbol file LoadedFromMemory doesn't match image D:\Game Development\Blog\Blog FirstPersonShooter\Library\PackageCache\com.unity.visualscripting@1.6.1\Editor\VisualScripting.Core\Dependencies\YamlDotNet\Unity.VisualScripting.YamlDotNet.dll
Symbol file LoadedFromMemory doesn't match image D:\Game Development\Blog\Blog FirstPersonShooter\Library\PackageCache\com.unity.visualscripting@1.6.1\Editor\VisualScripting.Core\Dependencies\DotNetZip\Unity.VisualScripting.IonicZip.dll
Native extension for WindowsStandalone target not found
Native extension for OSXStandalone target not found
Native extension for WebGL target not found
Refreshing native plugins compatible for Editor in 3.45 ms, found 3 plugins.
Preloading 0 native plugins for Editor in 0.00 ms.
Mono: successfully reloaded assembly
- Completed reload, in  1.898 seconds
Platform modules already initialized, skipping
Shader 'Universal Render Pipeline/Particles/Lit': fallback shader 'Universal Render Pipeline/Particles/SimpleLit' not found
Refreshing native plugins compatible for Editor in 2.88 ms, found 3 plugins.
Preloading 0 native plugins for Editor in 0.00 ms.
Unloading 4760 Unused Serialized files (Serialized files now loaded: 0)
System memory in use before: 258.7 MB.
System memory in use after: 259.0 MB.

Unloading 18 unused Assets to reduce memory usage. Loaded Objects now: 5390.
Total: 4.525300 ms (FindLiveObjects: 0.478000 ms CreateObjectMapping: 0.166900 ms MarkObjects: 3.817400 ms  DeleteObjects: 0.060500 ms)

========================================================================
Received Prepare
Registering precompiled user dll's ...
Registered in 0.009009 seconds.
Begin MonoManager ReloadAssembly
Symbol file LoadedFromMemory doesn't match image D:\Game Development\Blog\Blog FirstPersonShooter\Library\PackageCache\com.unity.visualscripting@1.6.1\Editor\VisualScripting.Core\Dependencies\YamlDotNet\Unity.VisualScripting.YamlDotNet.dll
Symbol file LoadedFromMemory doesn't match image D:\Game Development\Blog\Blog FirstPersonShooter\Library\PackageCache\com.unity.visualscripting@1.6.1\Editor\VisualScripting.Core\Dependencies\DotNetZip\Unity.VisualScripting.IonicZip.dll
Native extension for WindowsStandalone target not found
Native extension for OSXStandalone target not found
Native extension for WebGL target not found
Refreshing native plugins compatible for Editor in 1.16 ms, found 3 plugins.
Preloading 0 native plugins for Editor in 0.00 ms.
Mono: successfully reloaded assembly
- Completed reload, in  1.516 seconds
Platform modules already initialized, skipping
Shader 'Universal Render Pipeline/Particles/Lit': fallback shader 'Universal Render Pipeline/Particles/SimpleLit' not found
Refreshing native plugins compatible for Editor in 1.24 ms, found 3 plugins.
Preloading 0 native plugins for Editor in 0.00 ms.
Unloading 4760 Unused Serialized files (Serialized files now loaded: 0)
System memory in use before: 258.8 MB.
System memory in use after: 259.0 MB.

Unloading 18 unused Assets to reduce memory usage. Loaded Objects now: 5392.
Total: 6.686100 ms (FindLiveObjects: 0.961100 ms CreateObjectMapping: 0.381000 ms MarkObjects: 5.310800 ms  DeleteObjects: 0.029500 ms)

========================================================================
Received Prepare
Registering precompiled user dll's ...
Registered in 0.005560 seconds.
Begin MonoManager ReloadAssembly
Symbol file LoadedFromMemory doesn't match image D:\Game Development\Blog\Blog FirstPersonShooter\Library\PackageCache\com.unity.visualscripting@1.6.1\Editor\VisualScripting.Core\Dependencies\YamlDotNet\Unity.VisualScripting.YamlDotNet.dll
Symbol file LoadedFromMemory doesn't match image D:\Game Development\Blog\Blog FirstPersonShooter\Library\PackageCache\com.unity.visualscripting@1.6.1\Editor\VisualScripting.Core\Dependencies\DotNetZip\Unity.VisualScripting.IonicZip.dll
Native extension for WindowsStandalone target not found
Native extension for OSXStandalone target not found
Native extension for WebGL target not found
Refreshing native plugins compatible for Editor in 2.35 ms, found 3 plugins.
Preloading 0 native plugins for Editor in 0.00 ms.
Mono: successfully reloaded assembly
- Completed reload, in  1.369 seconds
Platform modules already initialized, skipping
Shader 'Universal Render Pipeline/Particles/Lit': fallback shader 'Universal Render Pipeline/Particles/SimpleLit' not found
Refreshing native plugins compatible for Editor in 1.46 ms, found 3 plugins.
Preloading 0 native plugins for Editor in 0.00 ms.
Unloading 4760 Unused Serialized files (Serialized files now loaded: 0)
System memory in use before: 258.8 MB.
System memory in use after: 259.0 MB.

Unloading 18 unused Assets to reduce memory usage. Loaded Objects now: 5394.
Total: 4.246700 ms (FindLiveObjects: 0.543600 ms CreateObjectMapping: 0.220300 ms MarkObjects: 3.454500 ms  DeleteObjects: 0.026200 ms)

========================================================================
Received Prepare
Registering precompiled user dll's ...
Registered in 0.005418 seconds.
Begin MonoManager ReloadAssembly
Symbol file LoadedFromMemory doesn't match image D:\Game Development\Blog\Blog FirstPersonShooter\Library\PackageCache\com.unity.visualscripting@1.6.1\Editor\VisualScripting.Core\Dependencies\YamlDotNet\Unity.VisualScripting.YamlDotNet.dll
Symbol file LoadedFromMemory doesn't match image D:\Game Development\Blog\Blog FirstPersonShooter\Library\PackageCache\com.unity.visualscripting@1.6.1\Editor\VisualScripting.Core\Dependencies\DotNetZip\Unity.VisualScripting.IonicZip.dll
Native extension for WindowsStandalone target not found
Native extension for OSXStandalone target not found
Native extension for WebGL target not found
Refreshing native plugins compatible for Editor in 1.17 ms, found 3 plugins.
Preloading 0 native plugins for Editor in 0.00 ms.
Mono: successfully reloaded assembly
- Completed reload, in  1.324 seconds
Platform modules already initialized, skipping
Shader 'Universal Render Pipeline/Particles/Lit': fallback shader 'Universal Render Pipeline/Particles/SimpleLit' not found
Refreshing native plugins compatible for Editor in 1.38 ms, found 3 plugins.
Preloading 0 native plugins for Editor in 0.00 ms.
Unloading 4760 Unused Serialized files (Serialized files now loaded: 0)
System memory in use before: 258.8 MB.
System memory in use after: 259.0 MB.

Unloading 18 unused Assets to reduce memory usage. Loaded Objects now: 5396.
Total: 4.105500 ms (FindLiveObjects: 0.452400 ms CreateObjectMapping: 0.125000 ms MarkObjects: 3.488400 ms  DeleteObjects: 0.037700 ms)

========================================================================
Received Import Request.
  Time since last request: 14964.493848 seconds.
  path: Assets/Scenes/Visualzer.unity
  artifactKey: Guid(f7ca722ea19e04046a734e6de08312bc) Importer(815301076,1909f56bfc062723c751e8b465ee728b)
Start importing Assets/Scenes/Visualzer.unity using Guid(f7ca722ea19e04046a734e6de08312bc) Importer(815301076,1909f56bfc062723c751e8b465ee728b)  -> (artifact id: '5044d37e6b9f715e090cbffbf68e5435') in 0.257973 seconds 
========================================================================
Received Import Request.
  Time since last request: 1.476821 seconds.
  path: Assets/Scenes/Shooter.unity
  artifactKey: Guid(bf69dd1d11b5da94ea73e4bdeb761578) Importer(815301076,1909f56bfc062723c751e8b465ee728b)
Start importing Assets/Scenes/Shooter.unity using Guid(bf69dd1d11b5da94ea73e4bdeb761578) Importer(815301076,1909f56bfc062723c751e8b465ee728b)  -> (artifact id: '025e920d8351f1285b1f515675faaee1') in 0.032711 seconds 
========================================================================
Received Import Request.
  Time since last request: 2.234744 seconds.
  path: Assets/Scenes/Blog Videos.unity
  artifactKey: Guid(a4fce88857d736349a33f174d75d36ef) Importer(815301076,1909f56bfc062723c751e8b465ee728b)
Start importing Assets/Scenes/Blog Videos.unity using Guid(a4fce88857d736349a33f174d75d36ef) Importer(815301076,1909f56bfc062723c751e8b465ee728b)  -> (artifact id: '1c57efb0065d093ed8426e43b8a346e3') in 0.025923 seconds 
========================================================================
Received Prepare
Registering precompiled user dll's ...
Registered in 0.005483 seconds.
Begin MonoManager ReloadAssembly
Symbol file LoadedFromMemory doesn't match image D:\Game Development\Blog\Blog FirstPersonShooter\Library\PackageCache\com.unity.visualscripting@1.6.1\Editor\VisualScripting.Core\Dependencies\YamlDotNet\Unity.VisualScripting.YamlDotNet.dll
Symbol file LoadedFromMemory doesn't match image D:\Game Development\Blog\Blog FirstPersonShooter\Library\PackageCache\com.unity.visualscripting@1.6.1\Editor\VisualScripting.Core\Dependencies\DotNetZip\Unity.VisualScripting.IonicZip.dll
Native extension for WindowsStandalone target not found
Native extension for OSXStandalone target not found
Native extension for WebGL target not found
Refreshing native plugins compatible for Editor in 1.22 ms, found 3 plugins.
Preloading 0 native plugins for Editor in 0.00 ms.
Mono: successfully reloaded assembly
- Completed reload, in  1.316 seconds
Platform modules already initialized, skipping
Shader 'Universal Render Pipeline/Particles/Lit': fallback shader 'Universal Render Pipeline/Particles/SimpleLit' not found
Refreshing native plugins compatible for Editor in 1.42 ms, found 3 plugins.
Preloading 0 native plugins for Editor in 0.00 ms.
Unloading 4760 Unused Serialized files (Serialized files now loaded: 0)
System memory in use before: 258.6 MB.
System memory in use after: 258.9 MB.

Unloading 18 unused Assets to reduce memory usage. Loaded Objects now: 5398.
Total: 8.081000 ms (FindLiveObjects: 1.290100 ms CreateObjectMapping: 0.437300 ms MarkObjects: 6.318400 ms  DeleteObjects: 0.029700 ms)

